                                                                                                                        
>>>>>>>>>>>>>>>>>>>>>>>>>>>>>>>>>>>>>>>>>>>>>>>>>>>>>>>>>>>>>>>>>>>>>>>>>>>>>>>>>>>>>>>>>>>>>>>>>>>>>>>>>>>>>>>>>>>>>>>>
2024-03-15 15:46:47,052 - INFO - START solution_registry =============================================
2024-03-15 15:46:47,052 - INFO - START solution_registry Start Time = 2024-03-15 15:46:47
2024-03-15 15:46:47,052 - INFO - solution_registry Step 0 - Initialize the configuration file parser
2024-03-15 15:46:47,052 - INFO - Process solution_registry Step 0 - Initializing and starting Logging Process.
2024-03-15 15:46:47,432 - INFO - PERFORMANCE solution_registry The total process duration was:0.38
2024-03-15 15:46:47,433 - INFO - PERFORMANCE solution_registry Stop Time = 2024-03-15 15:46:47
2024-03-15 15:46:47,433 - INFO - PERFORMANCE solution_registry Short process duration less than 3 Seconds:0.38
2024-03-15 15:46:47,433 - INFO - PERFORMANCE solution_registry Performance optimization is not reccomended
2024-03-15 15:46:47,433 - INFO - END solution_registry =============================================

<<<<<<<<<<<<<<<<<<<<<<<<<<<<<<<<<<<<<<<<<<<<<<<<<<<<<<<<<<<<<<<<<<<<<<<<<<<<<<<<<<<<<<<<<<<<<<<<<<<<<<<<<<<<<<<<<<<<<<<<
                                                                                                                        
                                                                                                                        
>>>>>>>>>>>>>>>>>>>>>>>>>>>>>>>>>>>>>>>>>>>>>>>>>>>>>>>>>>>>>>>>>>>>>>>>>>>>>>>>>>>>>>>>>>>>>>>>>>>>>>>>>>>>>>>>>>>>>>>>
2024-04-08 16:36:46,669 - INFO - START solution_registry =============================================
2024-04-08 16:36:46,670 - INFO - START solution_registry Start Time = 2024-04-08 16:36:46
2024-04-08 16:36:46,670 - INFO - solution_registry Step 0 - Initialize the configuration file parser
2024-04-08 16:36:46,670 - INFO - Process solution_registry Step 0 - Initializing and starting Logging Process.
2024-04-08 16:36:47,165 - INFO - PERFORMANCE solution_registry The total process duration was:0.50
2024-04-08 16:36:47,165 - INFO - PERFORMANCE solution_registry Stop Time = 2024-04-08 16:36:47
2024-04-08 16:36:47,165 - INFO - PERFORMANCE solution_registry Short process duration less than 3 Seconds:0.50
2024-04-08 16:36:47,165 - INFO - PERFORMANCE solution_registry Performance optimization is not reccomended
2024-04-08 16:36:47,165 - INFO - END solution_registry =============================================

<<<<<<<<<<<<<<<<<<<<<<<<<<<<<<<<<<<<<<<<<<<<<<<<<<<<<<<<<<<<<<<<<<<<<<<<<<<<<<<<<<<<<<<<<<<<<<<<<<<<<<<<<<<<<<<<<<<<<<<<
                                                                                                                        
                                                                                                                        
>>>>>>>>>>>>>>>>>>>>>>>>>>>>>>>>>>>>>>>>>>>>>>>>>>>>>>>>>>>>>>>>>>>>>>>>>>>>>>>>>>>>>>>>>>>>>>>>>>>>>>>>>>>>>>>>>>>>>>>>
2024-04-08 17:38:52,326 - INFO - START solution_registry =============================================
2024-04-08 17:38:52,326 - INFO - START solution_registry Start Time = 2024-04-08 17:38:52
2024-04-08 17:38:52,327 - INFO - solution_registry Step 0 - Initialize the configuration file parser
2024-04-08 17:38:52,327 - INFO - Process solution_registry Step 0 - Initializing and starting Logging Process.
2024-04-08 17:38:52,774 - INFO - PERFORMANCE solution_registry The total process duration was:0.45
2024-04-08 17:38:52,774 - INFO - PERFORMANCE solution_registry Stop Time = 2024-04-08 17:38:52
2024-04-08 17:38:52,774 - INFO - PERFORMANCE solution_registry Short process duration less than 3 Seconds:0.45
2024-04-08 17:38:52,774 - INFO - PERFORMANCE solution_registry Performance optimization is not reccomended
2024-04-08 17:38:52,775 - INFO - END solution_registry =============================================

<<<<<<<<<<<<<<<<<<<<<<<<<<<<<<<<<<<<<<<<<<<<<<<<<<<<<<<<<<<<<<<<<<<<<<<<<<<<<<<<<<<<<<<<<<<<<<<<<<<<<<<<<<<<<<<<<<<<<<<<
                                                                                                                        
                                                                                                                        
>>>>>>>>>>>>>>>>>>>>>>>>>>>>>>>>>>>>>>>>>>>>>>>>>>>>>>>>>>>>>>>>>>>>>>>>>>>>>>>>>>>>>>>>>>>>>>>>>>>>>>>>>>>>>>>>>>>>>>>>
2024-04-08 17:45:17,200 - INFO - START solution_registry =============================================
2024-04-08 17:45:17,200 - INFO - START solution_registry Start Time = 2024-04-08 17:45:17
2024-04-08 17:45:17,200 - INFO - solution_registry Step 0 - Initialize the configuration file parser
2024-04-08 17:45:17,200 - INFO - Process solution_registry Step 0 - Initializing and starting Logging Process.
2024-04-08 17:45:17,633 - INFO - PERFORMANCE solution_registry The total process duration was:0.43
2024-04-08 17:45:17,633 - INFO - PERFORMANCE solution_registry Stop Time = 2024-04-08 17:45:17
2024-04-08 17:45:17,633 - INFO - PERFORMANCE solution_registry Short process duration less than 3 Seconds:0.43
2024-04-08 17:45:17,633 - INFO - PERFORMANCE solution_registry Performance optimization is not reccomended
2024-04-08 17:45:17,633 - INFO - END solution_registry =============================================

<<<<<<<<<<<<<<<<<<<<<<<<<<<<<<<<<<<<<<<<<<<<<<<<<<<<<<<<<<<<<<<<<<<<<<<<<<<<<<<<<<<<<<<<<<<<<<<<<<<<<<<<<<<<<<<<<<<<<<<<
                                                                                                                        
                                                                                                                        
>>>>>>>>>>>>>>>>>>>>>>>>>>>>>>>>>>>>>>>>>>>>>>>>>>>>>>>>>>>>>>>>>>>>>>>>>>>>>>>>>>>>>>>>>>>>>>>>>>>>>>>>>>>>>>>>>>>>>>>>
2024-04-10 00:18:02,853 - INFO - START solution_registry =============================================
2024-04-10 00:18:02,853 - INFO - START solution_registry Start Time = 2024-04-10 00:18:02
2024-04-10 00:18:02,853 - INFO - solution_registry Step 0 - Initialize the configuration file parser
2024-04-10 00:18:02,854 - INFO - Process solution_registry Step 0 - Initializing and starting Logging Process.
2024-04-10 00:18:03,316 - INFO - PERFORMANCE solution_registry The total process duration was:0.46
2024-04-10 00:18:03,316 - INFO - PERFORMANCE solution_registry Stop Time = 2024-04-10 00:18:03
2024-04-10 00:18:03,316 - INFO - PERFORMANCE solution_registry Short process duration less than 3 Seconds:0.46
2024-04-10 00:18:03,316 - INFO - PERFORMANCE solution_registry Performance optimization is not reccomended
2024-04-10 00:18:03,316 - INFO - END solution_registry =============================================

<<<<<<<<<<<<<<<<<<<<<<<<<<<<<<<<<<<<<<<<<<<<<<<<<<<<<<<<<<<<<<<<<<<<<<<<<<<<<<<<<<<<<<<<<<<<<<<<<<<<<<<<<<<<<<<<<<<<<<<<
                                                                                                                        
                                                                                                                        
>>>>>>>>>>>>>>>>>>>>>>>>>>>>>>>>>>>>>>>>>>>>>>>>>>>>>>>>>>>>>>>>>>>>>>>>>>>>>>>>>>>>>>>>>>>>>>>>>>>>>>>>>>>>>>>>>>>>>>>>
2024-04-10 00:18:08,404 - INFO - START solution_registry =============================================
2024-04-10 00:18:08,404 - INFO - START solution_registry Start Time = 2024-04-10 00:18:08
2024-04-10 00:18:08,404 - INFO - solution_registry Step 0 - Initialize the configuration file parser
2024-04-10 00:18:08,405 - INFO - Process solution_registry Step 0 - Initializing and starting Logging Process.
2024-04-10 00:18:08,867 - INFO - PERFORMANCE solution_registry The total process duration was:0.46
2024-04-10 00:18:08,867 - INFO - PERFORMANCE solution_registry Stop Time = 2024-04-10 00:18:08
2024-04-10 00:18:08,867 - INFO - PERFORMANCE solution_registry Short process duration less than 3 Seconds:0.46
2024-04-10 00:18:08,867 - INFO - PERFORMANCE solution_registry Performance optimization is not reccomended
2024-04-10 00:18:08,868 - INFO - END solution_registry =============================================

<<<<<<<<<<<<<<<<<<<<<<<<<<<<<<<<<<<<<<<<<<<<<<<<<<<<<<<<<<<<<<<<<<<<<<<<<<<<<<<<<<<<<<<<<<<<<<<<<<<<<<<<<<<<<<<<<<<<<<<<
                                                                                                                        
                                                                                                                        
>>>>>>>>>>>>>>>>>>>>>>>>>>>>>>>>>>>>>>>>>>>>>>>>>>>>>>>>>>>>>>>>>>>>>>>>>>>>>>>>>>>>>>>>>>>>>>>>>>>>>>>>>>>>>>>>>>>>>>>>
2024-04-14 00:36:30,745 - INFO - START solution_registry =============================================
2024-04-14 00:36:30,745 - INFO - START solution_registry Start Time = 2024-04-14 00:36:30
2024-04-14 00:36:30,746 - INFO - solution_registry Step 0 - Initialize the configuration file parser
2024-04-14 00:36:30,746 - INFO - Process solution_registry Step 0 - Initializing and starting Logging Process.
2024-04-14 00:36:52,122 - INFO - PERFORMANCE solution_registry The total process duration was:21.38
2024-04-14 00:36:52,122 - INFO - PERFORMANCE solution_registry Stop Time = 2024-04-14 00:36:52
2024-04-14 00:36:52,122 - INFO - PERFORMANCE solution_registry Low process duration less than 3 minutes:21.38
2024-04-14 00:36:52,122 - INFO - PERFORMANCE solution_registry Performance optimization is optional
2024-04-14 00:36:52,122 - INFO - END solution_registry =============================================

<<<<<<<<<<<<<<<<<<<<<<<<<<<<<<<<<<<<<<<<<<<<<<<<<<<<<<<<<<<<<<<<<<<<<<<<<<<<<<<<<<<<<<<<<<<<<<<<<<<<<<<<<<<<<<<<<<<<<<<<
                                                                                                                        
                                                                                                                        
>>>>>>>>>>>>>>>>>>>>>>>>>>>>>>>>>>>>>>>>>>>>>>>>>>>>>>>>>>>>>>>>>>>>>>>>>>>>>>>>>>>>>>>>>>>>>>>>>>>>>>>>>>>>>>>>>>>>>>>>
2024-04-14 00:48:07,632 - INFO - START solution_registry =============================================
2024-04-14 00:48:07,632 - INFO - START solution_registry Start Time = 2024-04-14 00:48:07
2024-04-14 00:48:07,632 - INFO - solution_registry Step 0 - Initialize the configuration file parser
2024-04-14 00:48:07,632 - INFO - Process solution_registry Step 0 - Initializing and starting Logging Process.
2024-04-14 00:48:08,079 - INFO - PERFORMANCE solution_registry The total process duration was:0.45
2024-04-14 00:48:08,079 - INFO - PERFORMANCE solution_registry Stop Time = 2024-04-14 00:48:08
2024-04-14 00:48:08,079 - INFO - PERFORMANCE solution_registry Short process duration less than 3 Seconds:0.45
2024-04-14 00:48:08,079 - INFO - PERFORMANCE solution_registry Performance optimization is not reccomended
2024-04-14 00:48:08,079 - INFO - END solution_registry =============================================

<<<<<<<<<<<<<<<<<<<<<<<<<<<<<<<<<<<<<<<<<<<<<<<<<<<<<<<<<<<<<<<<<<<<<<<<<<<<<<<<<<<<<<<<<<<<<<<<<<<<<<<<<<<<<<<<<<<<<<<<
                                                                                                                        
                                                                                                                        
>>>>>>>>>>>>>>>>>>>>>>>>>>>>>>>>>>>>>>>>>>>>>>>>>>>>>>>>>>>>>>>>>>>>>>>>>>>>>>>>>>>>>>>>>>>>>>>>>>>>>>>>>>>>>>>>>>>>>>>>
2024-04-14 22:49:31,727 - INFO - START solution_registry =============================================
2024-04-14 22:49:31,727 - INFO - START solution_registry Start Time = 2024-04-14 22:49:31
2024-04-14 22:49:31,728 - INFO - solution_registry Step 0 - Initialize the configuration file parser
2024-04-14 22:49:31,728 - INFO - Process solution_registry Step 0 - Initializing and starting Logging Process.
2024-04-14 22:49:32,278 - INFO - PERFORMANCE solution_registry The total process duration was:0.55
2024-04-14 22:49:32,278 - INFO - PERFORMANCE solution_registry Stop Time = 2024-04-14 22:49:32
2024-04-14 22:49:32,278 - INFO - PERFORMANCE solution_registry Short process duration less than 3 Seconds:0.55
2024-04-14 22:49:32,279 - INFO - PERFORMANCE solution_registry Performance optimization is not reccomended
2024-04-14 22:49:32,279 - INFO - END solution_registry =============================================

<<<<<<<<<<<<<<<<<<<<<<<<<<<<<<<<<<<<<<<<<<<<<<<<<<<<<<<<<<<<<<<<<<<<<<<<<<<<<<<<<<<<<<<<<<<<<<<<<<<<<<<<<<<<<<<<<<<<<<<<
                                                                                                                        
                                                                                                                        
>>>>>>>>>>>>>>>>>>>>>>>>>>>>>>>>>>>>>>>>>>>>>>>>>>>>>>>>>>>>>>>>>>>>>>>>>>>>>>>>>>>>>>>>>>>>>>>>>>>>>>>>>>>>>>>>>>>>>>>>
2024-04-14 23:56:51,444 - INFO - START solution_registry =============================================
2024-04-14 23:56:51,444 - INFO - START solution_registry Start Time = 2024-04-14 23:56:51
2024-04-14 23:56:51,444 - INFO - solution_registry Step 0 - Initialize the configuration file parser
2024-04-14 23:56:51,444 - INFO - Process solution_registry Step 0 - Initializing and starting Logging Process.
2024-04-14 23:56:51,927 - INFO - PERFORMANCE solution_registry The total process duration was:0.48
2024-04-14 23:56:51,927 - INFO - PERFORMANCE solution_registry Stop Time = 2024-04-14 23:56:51
2024-04-14 23:56:51,927 - INFO - PERFORMANCE solution_registry Short process duration less than 3 Seconds:0.48
2024-04-14 23:56:51,928 - INFO - PERFORMANCE solution_registry Performance optimization is not reccomended
2024-04-14 23:56:51,928 - INFO - END solution_registry =============================================

<<<<<<<<<<<<<<<<<<<<<<<<<<<<<<<<<<<<<<<<<<<<<<<<<<<<<<<<<<<<<<<<<<<<<<<<<<<<<<<<<<<<<<<<<<<<<<<<<<<<<<<<<<<<<<<<<<<<<<<<
                                                                                                                        
                                                                                                                        
>>>>>>>>>>>>>>>>>>>>>>>>>>>>>>>>>>>>>>>>>>>>>>>>>>>>>>>>>>>>>>>>>>>>>>>>>>>>>>>>>>>>>>>>>>>>>>>>>>>>>>>>>>>>>>>>>>>>>>>>
2024-04-14 23:59:01,382 - INFO - START solution_registry =============================================
2024-04-14 23:59:01,382 - INFO - START solution_registry Start Time = 2024-04-14 23:59:01
2024-04-14 23:59:01,382 - INFO - solution_registry Step 0 - Initialize the configuration file parser
2024-04-14 23:59:01,382 - INFO - Process solution_registry Step 0 - Initializing and starting Logging Process.
2024-04-14 23:59:01,829 - INFO - PERFORMANCE solution_registry The total process duration was:0.45
2024-04-14 23:59:01,829 - INFO - PERFORMANCE solution_registry Stop Time = 2024-04-14 23:59:01
2024-04-14 23:59:01,829 - INFO - PERFORMANCE solution_registry Short process duration less than 3 Seconds:0.45
2024-04-14 23:59:01,830 - INFO - PERFORMANCE solution_registry Performance optimization is not reccomended
2024-04-14 23:59:01,830 - INFO - END solution_registry =============================================

<<<<<<<<<<<<<<<<<<<<<<<<<<<<<<<<<<<<<<<<<<<<<<<<<<<<<<<<<<<<<<<<<<<<<<<<<<<<<<<<<<<<<<<<<<<<<<<<<<<<<<<<<<<<<<<<<<<<<<<<
                                                                                                                        
                                                                                                                        
>>>>>>>>>>>>>>>>>>>>>>>>>>>>>>>>>>>>>>>>>>>>>>>>>>>>>>>>>>>>>>>>>>>>>>>>>>>>>>>>>>>>>>>>>>>>>>>>>>>>>>>>>>>>>>>>>>>>>>>>
2024-04-15 00:12:46,736 - INFO - START solution_registry =============================================
2024-04-15 00:12:46,736 - INFO - START solution_registry Start Time = 2024-04-15 00:12:46
2024-04-15 00:12:46,736 - INFO - solution_registry Step 0 - Initialize the configuration file parser
2024-04-15 00:12:46,737 - INFO - Process solution_registry Step 0 - Initializing and starting Logging Process.
2024-04-15 00:12:47,197 - INFO - PERFORMANCE solution_registry The total process duration was:0.46
2024-04-15 00:12:47,198 - INFO - PERFORMANCE solution_registry Stop Time = 2024-04-15 00:12:47
2024-04-15 00:12:47,198 - INFO - PERFORMANCE solution_registry Short process duration less than 3 Seconds:0.46
2024-04-15 00:12:47,198 - INFO - PERFORMANCE solution_registry Performance optimization is not reccomended
2024-04-15 00:12:47,198 - INFO - END solution_registry =============================================

<<<<<<<<<<<<<<<<<<<<<<<<<<<<<<<<<<<<<<<<<<<<<<<<<<<<<<<<<<<<<<<<<<<<<<<<<<<<<<<<<<<<<<<<<<<<<<<<<<<<<<<<<<<<<<<<<<<<<<<<
                                                                                                                        
                                                                                                                        
>>>>>>>>>>>>>>>>>>>>>>>>>>>>>>>>>>>>>>>>>>>>>>>>>>>>>>>>>>>>>>>>>>>>>>>>>>>>>>>>>>>>>>>>>>>>>>>>>>>>>>>>>>>>>>>>>>>>>>>>
2024-04-15 00:23:23,764 - INFO - START solution_registry =============================================
2024-04-15 00:23:23,764 - INFO - START solution_registry Start Time = 2024-04-15 00:23:23
2024-04-15 00:23:23,764 - INFO - solution_registry Step 0 - Initialize the configuration file parser
2024-04-15 00:23:23,766 - INFO - Process solution_registry Step 0 - Initializing and starting Logging Process.
2024-04-15 00:23:24,248 - INFO - PERFORMANCE solution_registry The total process duration was:0.48
2024-04-15 00:23:24,248 - INFO - PERFORMANCE solution_registry Stop Time = 2024-04-15 00:23:24
2024-04-15 00:23:24,248 - INFO - PERFORMANCE solution_registry Short process duration less than 3 Seconds:0.48
2024-04-15 00:23:24,248 - INFO - PERFORMANCE solution_registry Performance optimization is not reccomended
2024-04-15 00:23:24,248 - INFO - END solution_registry =============================================

<<<<<<<<<<<<<<<<<<<<<<<<<<<<<<<<<<<<<<<<<<<<<<<<<<<<<<<<<<<<<<<<<<<<<<<<<<<<<<<<<<<<<<<<<<<<<<<<<<<<<<<<<<<<<<<<<<<<<<<<
                                                                                                                        
                                                                                                                        
>>>>>>>>>>>>>>>>>>>>>>>>>>>>>>>>>>>>>>>>>>>>>>>>>>>>>>>>>>>>>>>>>>>>>>>>>>>>>>>>>>>>>>>>>>>>>>>>>>>>>>>>>>>>>>>>>>>>>>>>
2024-04-15 00:38:58,981 - INFO - START solution_registry =============================================
2024-04-15 00:38:58,981 - INFO - START solution_registry Start Time = 2024-04-15 00:38:58
2024-04-15 00:38:58,981 - INFO - solution_registry Step 0 - Initialize the configuration file parser
2024-04-15 00:38:58,981 - INFO - Process solution_registry Step 0 - Initializing and starting Logging Process.
2024-04-15 00:38:59,447 - INFO - PERFORMANCE solution_registry The total process duration was:0.47
2024-04-15 00:38:59,448 - INFO - PERFORMANCE solution_registry Stop Time = 2024-04-15 00:38:59
2024-04-15 00:38:59,448 - INFO - PERFORMANCE solution_registry Short process duration less than 3 Seconds:0.47
2024-04-15 00:38:59,448 - INFO - PERFORMANCE solution_registry Performance optimization is not reccomended
2024-04-15 00:38:59,448 - INFO - END solution_registry =============================================

<<<<<<<<<<<<<<<<<<<<<<<<<<<<<<<<<<<<<<<<<<<<<<<<<<<<<<<<<<<<<<<<<<<<<<<<<<<<<<<<<<<<<<<<<<<<<<<<<<<<<<<<<<<<<<<<<<<<<<<<
                                                                                                                        
                                                                                                                        
>>>>>>>>>>>>>>>>>>>>>>>>>>>>>>>>>>>>>>>>>>>>>>>>>>>>>>>>>>>>>>>>>>>>>>>>>>>>>>>>>>>>>>>>>>>>>>>>>>>>>>>>>>>>>>>>>>>>>>>>
2024-04-16 03:10:20,768 - INFO - START solution_registry =============================================
2024-04-16 03:10:20,768 - INFO - START solution_registry Start Time = 2024-04-16 03:10:20
2024-04-16 03:10:20,768 - INFO - solution_registry Step 0 - Initialize the configuration file parser
2024-04-16 03:10:20,768 - INFO - Process solution_registry Step 0 - Initializing and starting Logging Process.
2024-04-16 03:10:21,252 - INFO - PERFORMANCE solution_registry The total process duration was:0.48
2024-04-16 03:10:21,252 - INFO - PERFORMANCE solution_registry Stop Time = 2024-04-16 03:10:21
2024-04-16 03:10:21,252 - INFO - PERFORMANCE solution_registry Short process duration less than 3 Seconds:0.48
2024-04-16 03:10:21,252 - INFO - PERFORMANCE solution_registry Performance optimization is not reccomended
2024-04-16 03:10:21,252 - INFO - END solution_registry =============================================

<<<<<<<<<<<<<<<<<<<<<<<<<<<<<<<<<<<<<<<<<<<<<<<<<<<<<<<<<<<<<<<<<<<<<<<<<<<<<<<<<<<<<<<<<<<<<<<<<<<<<<<<<<<<<<<<<<<<<<<<
                                                                                                                        
                                                                                                                        
>>>>>>>>>>>>>>>>>>>>>>>>>>>>>>>>>>>>>>>>>>>>>>>>>>>>>>>>>>>>>>>>>>>>>>>>>>>>>>>>>>>>>>>>>>>>>>>>>>>>>>>>>>>>>>>>>>>>>>>>
2024-04-16 04:21:54,649 - INFO - START solution_registry =============================================
2024-04-16 04:21:54,649 - INFO - START solution_registry Start Time = 2024-04-16 04:21:54
2024-04-16 04:21:54,649 - INFO - solution_registry Step 0 - Initialize the configuration file parser
2024-04-16 04:21:54,649 - INFO - Process solution_registry Step 0 - Initializing and starting Logging Process.
2024-04-16 04:21:55,110 - INFO - PERFORMANCE solution_registry The total process duration was:0.46
2024-04-16 04:21:55,110 - INFO - PERFORMANCE solution_registry Stop Time = 2024-04-16 04:21:55
2024-04-16 04:21:55,111 - INFO - PERFORMANCE solution_registry Short process duration less than 3 Seconds:0.46
2024-04-16 04:21:55,111 - INFO - PERFORMANCE solution_registry Performance optimization is not reccomended
2024-04-16 04:21:55,111 - INFO - END solution_registry =============================================

<<<<<<<<<<<<<<<<<<<<<<<<<<<<<<<<<<<<<<<<<<<<<<<<<<<<<<<<<<<<<<<<<<<<<<<<<<<<<<<<<<<<<<<<<<<<<<<<<<<<<<<<<<<<<<<<<<<<<<<<
                                                                                                                        
                                                                                                                        
>>>>>>>>>>>>>>>>>>>>>>>>>>>>>>>>>>>>>>>>>>>>>>>>>>>>>>>>>>>>>>>>>>>>>>>>>>>>>>>>>>>>>>>>>>>>>>>>>>>>>>>>>>>>>>>>>>>>>>>>
2024-04-17 22:29:20,309 - INFO - START solution_registry =============================================
2024-04-17 22:29:20,309 - INFO - START solution_registry Start Time = 2024-04-17 22:29:20
2024-04-17 22:29:20,309 - INFO - solution_registry Step 0 - Initialize the configuration file parser
2024-04-17 22:29:20,309 - INFO - Process solution_registry Step 0 - Initializing and starting Logging Process.
2024-04-17 22:29:20,812 - INFO - PERFORMANCE solution_registry The total process duration was:0.50
2024-04-17 22:29:20,812 - INFO - PERFORMANCE solution_registry Stop Time = 2024-04-17 22:29:20
2024-04-17 22:29:20,812 - INFO - PERFORMANCE solution_registry Short process duration less than 3 Seconds:0.50
2024-04-17 22:29:20,812 - INFO - PERFORMANCE solution_registry Performance optimization is not reccomended
2024-04-17 22:29:20,812 - INFO - END solution_registry =============================================

<<<<<<<<<<<<<<<<<<<<<<<<<<<<<<<<<<<<<<<<<<<<<<<<<<<<<<<<<<<<<<<<<<<<<<<<<<<<<<<<<<<<<<<<<<<<<<<<<<<<<<<<<<<<<<<<<<<<<<<<
                                                                                                                        
                                                                                                                        
>>>>>>>>>>>>>>>>>>>>>>>>>>>>>>>>>>>>>>>>>>>>>>>>>>>>>>>>>>>>>>>>>>>>>>>>>>>>>>>>>>>>>>>>>>>>>>>>>>>>>>>>>>>>>>>>>>>>>>>>
2024-04-17 23:16:52,286 - INFO - START solution_registry =============================================
2024-04-17 23:16:52,286 - INFO - START solution_registry Start Time = 2024-04-17 23:16:52
2024-04-17 23:16:52,288 - INFO - solution_registry Step 0 - Initialize the configuration file parser
2024-04-17 23:16:52,288 - INFO - Process solution_registry Step 0 - Initializing and starting Logging Process.
2024-04-17 23:16:52,784 - INFO - PERFORMANCE solution_registry The total process duration was:0.50
2024-04-17 23:16:52,784 - INFO - PERFORMANCE solution_registry Stop Time = 2024-04-17 23:16:52
2024-04-17 23:16:52,784 - INFO - PERFORMANCE solution_registry Short process duration less than 3 Seconds:0.50
2024-04-17 23:16:52,784 - INFO - PERFORMANCE solution_registry Performance optimization is not reccomended
2024-04-17 23:16:52,784 - INFO - END solution_registry =============================================

<<<<<<<<<<<<<<<<<<<<<<<<<<<<<<<<<<<<<<<<<<<<<<<<<<<<<<<<<<<<<<<<<<<<<<<<<<<<<<<<<<<<<<<<<<<<<<<<<<<<<<<<<<<<<<<<<<<<<<<<
                                                                                                                        
                                                                                                                        
>>>>>>>>>>>>>>>>>>>>>>>>>>>>>>>>>>>>>>>>>>>>>>>>>>>>>>>>>>>>>>>>>>>>>>>>>>>>>>>>>>>>>>>>>>>>>>>>>>>>>>>>>>>>>>>>>>>>>>>>
2024-04-17 23:22:20,513 - INFO - START solution_registry =============================================
2024-04-17 23:22:20,513 - INFO - START solution_registry Start Time = 2024-04-17 23:22:20
2024-04-17 23:22:20,513 - INFO - solution_registry Step 0 - Initialize the configuration file parser
2024-04-17 23:22:20,514 - INFO - Process solution_registry Step 0 - Initializing and starting Logging Process.
2024-04-17 23:22:21,066 - INFO - PERFORMANCE solution_registry The total process duration was:0.55
2024-04-17 23:22:21,067 - INFO - PERFORMANCE solution_registry Stop Time = 2024-04-17 23:22:21
2024-04-17 23:22:21,068 - INFO - PERFORMANCE solution_registry Short process duration less than 3 Seconds:0.55
2024-04-17 23:22:21,068 - INFO - PERFORMANCE solution_registry Performance optimization is not reccomended
2024-04-17 23:22:21,068 - INFO - END solution_registry =============================================

<<<<<<<<<<<<<<<<<<<<<<<<<<<<<<<<<<<<<<<<<<<<<<<<<<<<<<<<<<<<<<<<<<<<<<<<<<<<<<<<<<<<<<<<<<<<<<<<<<<<<<<<<<<<<<<<<<<<<<<<
                                                                                                                        
                                                                                                                        
>>>>>>>>>>>>>>>>>>>>>>>>>>>>>>>>>>>>>>>>>>>>>>>>>>>>>>>>>>>>>>>>>>>>>>>>>>>>>>>>>>>>>>>>>>>>>>>>>>>>>>>>>>>>>>>>>>>>>>>>
2024-04-18 07:46:07,342 - INFO - START solution_registry =============================================
2024-04-18 07:46:07,342 - INFO - START solution_registry Start Time = 2024-04-18 07:46:07
2024-04-18 07:46:07,342 - INFO - solution_registry Step 0 - Initialize the configuration file parser
2024-04-18 07:46:07,342 - INFO - Process solution_registry Step 0 - Initializing and starting Logging Process.
2024-04-18 07:46:07,789 - INFO - PERFORMANCE solution_registry The total process duration was:0.45
2024-04-18 07:46:07,789 - INFO - PERFORMANCE solution_registry Stop Time = 2024-04-18 07:46:07
2024-04-18 07:46:07,789 - INFO - PERFORMANCE solution_registry Short process duration less than 3 Seconds:0.45
2024-04-18 07:46:07,789 - INFO - PERFORMANCE solution_registry Performance optimization is not reccomended
2024-04-18 07:46:07,789 - INFO - END solution_registry =============================================

<<<<<<<<<<<<<<<<<<<<<<<<<<<<<<<<<<<<<<<<<<<<<<<<<<<<<<<<<<<<<<<<<<<<<<<<<<<<<<<<<<<<<<<<<<<<<<<<<<<<<<<<<<<<<<<<<<<<<<<<
                                                                                                                        
                                                                                                                        
>>>>>>>>>>>>>>>>>>>>>>>>>>>>>>>>>>>>>>>>>>>>>>>>>>>>>>>>>>>>>>>>>>>>>>>>>>>>>>>>>>>>>>>>>>>>>>>>>>>>>>>>>>>>>>>>>>>>>>>>
2024-04-21 21:54:11,300 - INFO - START solution_registry =============================================
2024-04-21 21:54:11,300 - INFO - START solution_registry Start Time = 2024-04-21 21:54:11
2024-04-21 21:54:11,300 - INFO - solution_registry Step 0 - Initialize the configuration file parser
2024-04-21 21:54:11,300 - INFO - Process solution_registry Step 0 - Initializing and starting Logging Process.
2024-04-21 21:54:11,747 - INFO - PERFORMANCE solution_registry The total process duration was:0.45
2024-04-21 21:54:11,747 - INFO - PERFORMANCE solution_registry Stop Time = 2024-04-21 21:54:11
2024-04-21 21:54:11,747 - INFO - PERFORMANCE solution_registry Short process duration less than 3 Seconds:0.45
2024-04-21 21:54:11,747 - INFO - PERFORMANCE solution_registry Performance optimization is not reccomended
2024-04-21 21:54:11,747 - INFO - END solution_registry =============================================

<<<<<<<<<<<<<<<<<<<<<<<<<<<<<<<<<<<<<<<<<<<<<<<<<<<<<<<<<<<<<<<<<<<<<<<<<<<<<<<<<<<<<<<<<<<<<<<<<<<<<<<<<<<<<<<<<<<<<<<<
                                                                                                                        
                                                                                                                        
>>>>>>>>>>>>>>>>>>>>>>>>>>>>>>>>>>>>>>>>>>>>>>>>>>>>>>>>>>>>>>>>>>>>>>>>>>>>>>>>>>>>>>>>>>>>>>>>>>>>>>>>>>>>>>>>>>>>>>>>
2024-04-26 22:32:29,335 - INFO - START solution_registry =============================================
2024-04-26 22:32:29,335 - INFO - START solution_registry Start Time = 2024-04-26 22:32:29
2024-04-26 22:32:29,335 - INFO - solution_registry Step 0 - Initialize the configuration file parser
2024-04-26 22:32:29,336 - INFO - Process solution_registry Step 0 - Initializing and starting Logging Process.
2024-04-26 22:32:29,799 - INFO - PERFORMANCE solution_registry The total process duration was:0.46
2024-04-26 22:32:29,800 - INFO - PERFORMANCE solution_registry Stop Time = 2024-04-26 22:32:29
2024-04-26 22:32:29,800 - INFO - PERFORMANCE solution_registry Short process duration less than 3 Seconds:0.46
2024-04-26 22:32:29,800 - INFO - PERFORMANCE solution_registry Performance optimization is not reccomended
2024-04-26 22:32:29,800 - INFO - END solution_registry =============================================

<<<<<<<<<<<<<<<<<<<<<<<<<<<<<<<<<<<<<<<<<<<<<<<<<<<<<<<<<<<<<<<<<<<<<<<<<<<<<<<<<<<<<<<<<<<<<<<<<<<<<<<<<<<<<<<<<<<<<<<<
                                                                                                                        
                                                                                                                        
>>>>>>>>>>>>>>>>>>>>>>>>>>>>>>>>>>>>>>>>>>>>>>>>>>>>>>>>>>>>>>>>>>>>>>>>>>>>>>>>>>>>>>>>>>>>>>>>>>>>>>>>>>>>>>>>>>>>>>>>
2024-04-27 09:25:41,758 - INFO - START solution_registry =============================================
2024-04-27 09:25:41,759 - INFO - START solution_registry Start Time = 2024-04-27 09:25:41
2024-04-27 09:25:41,759 - INFO - solution_registry Step 0 - Initialize the configuration file parser
2024-04-27 09:25:41,759 - INFO - Process solution_registry Step 0 - Initializing and starting Logging Process.
2024-04-27 09:25:42,236 - INFO - PERFORMANCE solution_registry The total process duration was:0.48
2024-04-27 09:25:42,236 - INFO - PERFORMANCE solution_registry Stop Time = 2024-04-27 09:25:42
2024-04-27 09:25:42,237 - INFO - PERFORMANCE solution_registry Short process duration less than 3 Seconds:0.48
2024-04-27 09:25:42,237 - INFO - PERFORMANCE solution_registry Performance optimization is not reccomended
2024-04-27 09:25:42,237 - INFO - END solution_registry =============================================

<<<<<<<<<<<<<<<<<<<<<<<<<<<<<<<<<<<<<<<<<<<<<<<<<<<<<<<<<<<<<<<<<<<<<<<<<<<<<<<<<<<<<<<<<<<<<<<<<<<<<<<<<<<<<<<<<<<<<<<<
                                                                                                                        
                                                                                                                        
>>>>>>>>>>>>>>>>>>>>>>>>>>>>>>>>>>>>>>>>>>>>>>>>>>>>>>>>>>>>>>>>>>>>>>>>>>>>>>>>>>>>>>>>>>>>>>>>>>>>>>>>>>>>>>>>>>>>>>>>
2024-04-27 17:00:27,648 - INFO - START solution_registry =============================================
2024-04-27 17:00:27,649 - INFO - START solution_registry Start Time = 2024-04-27 17:00:27
2024-04-27 17:00:27,649 - INFO - solution_registry Step 0 - Initialize the configuration file parser
2024-04-27 17:00:27,649 - INFO - Process solution_registry Step 0 - Initializing and starting Logging Process.
2024-04-27 17:00:28,221 - INFO - PERFORMANCE solution_registry The total process duration was:0.57
2024-04-27 17:00:28,222 - INFO - PERFORMANCE solution_registry Stop Time = 2024-04-27 17:00:28
2024-04-27 17:00:28,222 - INFO - PERFORMANCE solution_registry Short process duration less than 3 Seconds:0.57
2024-04-27 17:00:28,222 - INFO - PERFORMANCE solution_registry Performance optimization is not reccomended
2024-04-27 17:00:28,222 - INFO - END solution_registry =============================================

<<<<<<<<<<<<<<<<<<<<<<<<<<<<<<<<<<<<<<<<<<<<<<<<<<<<<<<<<<<<<<<<<<<<<<<<<<<<<<<<<<<<<<<<<<<<<<<<<<<<<<<<<<<<<<<<<<<<<<<<
                                                                                                                        
                                                                                                                        
>>>>>>>>>>>>>>>>>>>>>>>>>>>>>>>>>>>>>>>>>>>>>>>>>>>>>>>>>>>>>>>>>>>>>>>>>>>>>>>>>>>>>>>>>>>>>>>>>>>>>>>>>>>>>>>>>>>>>>>>
2024-04-27 17:01:14,181 - INFO - START solution_registry =============================================
2024-04-27 17:01:14,181 - INFO - START solution_registry Start Time = 2024-04-27 17:01:14
2024-04-27 17:01:14,181 - INFO - solution_registry Step 0 - Initialize the configuration file parser
2024-04-27 17:01:14,182 - INFO - Process solution_registry Step 0 - Initializing and starting Logging Process.
2024-04-27 17:01:14,696 - INFO - PERFORMANCE solution_registry The total process duration was:0.51
2024-04-27 17:01:14,696 - INFO - PERFORMANCE solution_registry Stop Time = 2024-04-27 17:01:14
2024-04-27 17:01:14,696 - INFO - PERFORMANCE solution_registry Short process duration less than 3 Seconds:0.51
2024-04-27 17:01:14,697 - INFO - PERFORMANCE solution_registry Performance optimization is not reccomended
2024-04-27 17:01:14,697 - INFO - END solution_registry =============================================

<<<<<<<<<<<<<<<<<<<<<<<<<<<<<<<<<<<<<<<<<<<<<<<<<<<<<<<<<<<<<<<<<<<<<<<<<<<<<<<<<<<<<<<<<<<<<<<<<<<<<<<<<<<<<<<<<<<<<<<<
                                                                                                                        
                                                                                                                        
>>>>>>>>>>>>>>>>>>>>>>>>>>>>>>>>>>>>>>>>>>>>>>>>>>>>>>>>>>>>>>>>>>>>>>>>>>>>>>>>>>>>>>>>>>>>>>>>>>>>>>>>>>>>>>>>>>>>>>>>
2024-04-27 17:02:07,684 - INFO - START solution_registry =============================================
2024-04-27 17:02:07,684 - INFO - START solution_registry Start Time = 2024-04-27 17:02:07
2024-04-27 17:02:07,684 - INFO - solution_registry Step 0 - Initialize the configuration file parser
2024-04-27 17:02:07,685 - INFO - Process solution_registry Step 0 - Initializing and starting Logging Process.
2024-04-27 17:02:08,244 - INFO - PERFORMANCE solution_registry The total process duration was:0.56
2024-04-27 17:02:08,244 - INFO - PERFORMANCE solution_registry Stop Time = 2024-04-27 17:02:08
2024-04-27 17:02:08,244 - INFO - PERFORMANCE solution_registry Short process duration less than 3 Seconds:0.56
2024-04-27 17:02:08,245 - INFO - PERFORMANCE solution_registry Performance optimization is not reccomended
2024-04-27 17:02:08,245 - INFO - END solution_registry =============================================

<<<<<<<<<<<<<<<<<<<<<<<<<<<<<<<<<<<<<<<<<<<<<<<<<<<<<<<<<<<<<<<<<<<<<<<<<<<<<<<<<<<<<<<<<<<<<<<<<<<<<<<<<<<<<<<<<<<<<<<<
                                                                                                                        
                                                                                                                        
>>>>>>>>>>>>>>>>>>>>>>>>>>>>>>>>>>>>>>>>>>>>>>>>>>>>>>>>>>>>>>>>>>>>>>>>>>>>>>>>>>>>>>>>>>>>>>>>>>>>>>>>>>>>>>>>>>>>>>>>
2024-05-03 11:13:43,149 - INFO - START solution_registry =============================================
2024-05-03 11:13:43,149 - INFO - START solution_registry Start Time = 2024-05-03 11:13:43
2024-05-03 11:13:43,149 - INFO - solution_registry Step 0 - Initialize the configuration file parser
2024-05-03 11:13:43,149 - INFO - Process solution_registry Step 0 - Initializing and starting Logging Process.
2024-05-03 11:13:43,753 - INFO - PERFORMANCE solution_registry The total process duration was:0.61
2024-05-03 11:13:43,753 - INFO - PERFORMANCE solution_registry Stop Time = 2024-05-03 11:13:43
2024-05-03 11:13:43,753 - INFO - PERFORMANCE solution_registry Short process duration less than 3 Seconds:0.61
2024-05-03 11:13:43,753 - INFO - PERFORMANCE solution_registry Performance optimization is not reccomended
2024-05-03 11:13:43,753 - INFO - END solution_registry =============================================

<<<<<<<<<<<<<<<<<<<<<<<<<<<<<<<<<<<<<<<<<<<<<<<<<<<<<<<<<<<<<<<<<<<<<<<<<<<<<<<<<<<<<<<<<<<<<<<<<<<<<<<<<<<<<<<<<<<<<<<<
                                                                                                                        
                                                                                                                        
>>>>>>>>>>>>>>>>>>>>>>>>>>>>>>>>>>>>>>>>>>>>>>>>>>>>>>>>>>>>>>>>>>>>>>>>>>>>>>>>>>>>>>>>>>>>>>>>>>>>>>>>>>>>>>>>>>>>>>>>
2024-05-03 11:13:50,008 - INFO - START solution_registry =============================================
2024-05-03 11:13:50,008 - INFO - START solution_registry Start Time = 2024-05-03 11:13:50
2024-05-03 11:13:50,008 - INFO - solution_registry Step 0 - Initialize the configuration file parser
2024-05-03 11:13:50,008 - INFO - Process solution_registry Step 0 - Initializing and starting Logging Process.
2024-05-03 11:13:50,490 - INFO - PERFORMANCE solution_registry The total process duration was:0.48
2024-05-03 11:13:50,490 - INFO - PERFORMANCE solution_registry Stop Time = 2024-05-03 11:13:50
2024-05-03 11:13:50,490 - INFO - PERFORMANCE solution_registry Short process duration less than 3 Seconds:0.48
2024-05-03 11:13:50,490 - INFO - PERFORMANCE solution_registry Performance optimization is not reccomended
2024-05-03 11:13:50,490 - INFO - END solution_registry =============================================

<<<<<<<<<<<<<<<<<<<<<<<<<<<<<<<<<<<<<<<<<<<<<<<<<<<<<<<<<<<<<<<<<<<<<<<<<<<<<<<<<<<<<<<<<<<<<<<<<<<<<<<<<<<<<<<<<<<<<<<<
                                                                                                                        
                                                                                                                        
>>>>>>>>>>>>>>>>>>>>>>>>>>>>>>>>>>>>>>>>>>>>>>>>>>>>>>>>>>>>>>>>>>>>>>>>>>>>>>>>>>>>>>>>>>>>>>>>>>>>>>>>>>>>>>>>>>>>>>>>
2024-05-03 11:50:07,849 - INFO - START solution_registry =============================================
2024-05-03 11:50:07,849 - INFO - START solution_registry Start Time = 2024-05-03 11:50:07
2024-05-03 11:50:07,850 - INFO - solution_registry Step 0 - Initialize the configuration file parser
2024-05-03 11:50:07,850 - INFO - Process solution_registry Step 0 - Initializing and starting Logging Process.
2024-05-03 11:50:08,430 - INFO - PERFORMANCE solution_registry The total process duration was:0.58
2024-05-03 11:50:08,430 - INFO - PERFORMANCE solution_registry Stop Time = 2024-05-03 11:50:08
2024-05-03 11:50:08,431 - INFO - PERFORMANCE solution_registry Short process duration less than 3 Seconds:0.58
2024-05-03 11:50:08,431 - INFO - PERFORMANCE solution_registry Performance optimization is not reccomended
2024-05-03 11:50:08,431 - INFO - END solution_registry =============================================

<<<<<<<<<<<<<<<<<<<<<<<<<<<<<<<<<<<<<<<<<<<<<<<<<<<<<<<<<<<<<<<<<<<<<<<<<<<<<<<<<<<<<<<<<<<<<<<<<<<<<<<<<<<<<<<<<<<<<<<<
                                                                                                                        
                                                                                                                        
>>>>>>>>>>>>>>>>>>>>>>>>>>>>>>>>>>>>>>>>>>>>>>>>>>>>>>>>>>>>>>>>>>>>>>>>>>>>>>>>>>>>>>>>>>>>>>>>>>>>>>>>>>>>>>>>>>>>>>>>
2024-05-03 12:50:41,738 - INFO - START solution_registry =============================================
2024-05-03 12:50:41,738 - INFO - START solution_registry Start Time = 2024-05-03 12:50:41
2024-05-03 12:50:41,739 - INFO - solution_registry Step 0 - Initialize the configuration file parser
2024-05-03 12:50:41,739 - INFO - Process solution_registry Step 0 - Initializing and starting Logging Process.
2024-05-03 12:50:42,288 - INFO - PERFORMANCE solution_registry The total process duration was:0.55
2024-05-03 12:50:42,288 - INFO - PERFORMANCE solution_registry Stop Time = 2024-05-03 12:50:42
2024-05-03 12:50:42,288 - INFO - PERFORMANCE solution_registry Short process duration less than 3 Seconds:0.55
2024-05-03 12:50:42,288 - INFO - PERFORMANCE solution_registry Performance optimization is not reccomended
2024-05-03 12:50:42,288 - INFO - END solution_registry =============================================

<<<<<<<<<<<<<<<<<<<<<<<<<<<<<<<<<<<<<<<<<<<<<<<<<<<<<<<<<<<<<<<<<<<<<<<<<<<<<<<<<<<<<<<<<<<<<<<<<<<<<<<<<<<<<<<<<<<<<<<<
                                                                                                                        
                                                                                                                        
>>>>>>>>>>>>>>>>>>>>>>>>>>>>>>>>>>>>>>>>>>>>>>>>>>>>>>>>>>>>>>>>>>>>>>>>>>>>>>>>>>>>>>>>>>>>>>>>>>>>>>>>>>>>>>>>>>>>>>>>
2024-05-03 12:58:58,497 - INFO - START solution_registry =============================================
2024-05-03 12:58:58,497 - INFO - START solution_registry Start Time = 2024-05-03 12:58:58
2024-05-03 12:58:58,497 - INFO - solution_registry Step 0 - Initialize the configuration file parser
2024-05-03 12:58:58,498 - INFO - Process solution_registry Step 0 - Initializing and starting Logging Process.
2024-05-03 12:58:59,058 - INFO - PERFORMANCE solution_registry The total process duration was:0.56
2024-05-03 12:58:59,058 - INFO - PERFORMANCE solution_registry Stop Time = 2024-05-03 12:58:59
2024-05-03 12:58:59,058 - INFO - PERFORMANCE solution_registry Short process duration less than 3 Seconds:0.56
2024-05-03 12:58:59,058 - INFO - PERFORMANCE solution_registry Performance optimization is not reccomended
2024-05-03 12:58:59,058 - INFO - END solution_registry =============================================

<<<<<<<<<<<<<<<<<<<<<<<<<<<<<<<<<<<<<<<<<<<<<<<<<<<<<<<<<<<<<<<<<<<<<<<<<<<<<<<<<<<<<<<<<<<<<<<<<<<<<<<<<<<<<<<<<<<<<<<<
                                                                                                                        
                                                                                                                        
>>>>>>>>>>>>>>>>>>>>>>>>>>>>>>>>>>>>>>>>>>>>>>>>>>>>>>>>>>>>>>>>>>>>>>>>>>>>>>>>>>>>>>>>>>>>>>>>>>>>>>>>>>>>>>>>>>>>>>>>
2024-05-03 13:16:21,080 - INFO - START solution_registry =============================================
2024-05-03 13:16:21,080 - INFO - START solution_registry Start Time = 2024-05-03 13:16:21
2024-05-03 13:16:21,080 - INFO - solution_registry Step 0 - Initialize the configuration file parser
2024-05-03 13:16:21,081 - INFO - Process solution_registry Step 0 - Initializing and starting Logging Process.
2024-05-03 13:16:21,637 - INFO - PERFORMANCE solution_registry The total process duration was:0.56
2024-05-03 13:16:21,637 - INFO - PERFORMANCE solution_registry Stop Time = 2024-05-03 13:16:21
2024-05-03 13:16:21,637 - INFO - PERFORMANCE solution_registry Short process duration less than 3 Seconds:0.56
2024-05-03 13:16:21,637 - INFO - PERFORMANCE solution_registry Performance optimization is not reccomended
2024-05-03 13:16:21,637 - INFO - END solution_registry =============================================

<<<<<<<<<<<<<<<<<<<<<<<<<<<<<<<<<<<<<<<<<<<<<<<<<<<<<<<<<<<<<<<<<<<<<<<<<<<<<<<<<<<<<<<<<<<<<<<<<<<<<<<<<<<<<<<<<<<<<<<<
                                                                                                                        
